[08-Oct-2023 19:11:25 UTC] PHP Warning:  Attempt to read property "title" on null in C:\laragon\www\jaramar-express-wordpress\wp-includes\class-wp-customize-widgets.php on line 905
[08-Oct-2023 19:31:58 UTC] PHP Fatal error:  Uncaught Error: Call to a member function get_settings() on bool in C:\laragon\www\jaramar-express-wordpress\wp-content\themes\hello-elementor\functions.php:259
Stack trace:
#0 C:\laragon\www\jaramar-express-wordpress\wp-includes\class-wp-hook.php(310): add_fonts_modify_controls(Object(Elementor\Controls_Manager))
#1 C:\laragon\www\jaramar-express-wordpress\wp-includes\class-wp-hook.php(334): WP_Hook->apply_filters('', Array)
#2 C:\laragon\www\jaramar-express-wordpress\wp-includes\plugin.php(517): WP_Hook->do_action(Array)
#3 C:\laragon\www\jaramar-express-wordpress\wp-content\plugins\elementor\includes\managers\controls.php(485): do_action('elementor/contr...', Object(Elementor\Controls_Manager))
#4 C:\laragon\www\jaramar-express-wordpress\wp-content\plugins\elementor\includes\managers\controls.php(609): Elementor\Controls_Manager->register_controls()
#5 C:\laragon\www\jaramar-express-wordpress\wp-content\plugins\elementor\includes\managers\controls.php(628): Elementor\Controls_Manager->get_controls()
#6 C:\laragon\www\jaramar-express-wordpress\wp-content\plugins\elementor\includes\managers\controls.php(799): Elementor\Controls_Manager->get_control('section')
#7 C:\laragon\www\jaramar-express-wordpress\wp-content\plugins\elementor\includes\base\controls-stack.php(434): Elementor\Controls_Manager->add_control_to_stack(Object(Elementor\Core\DocumentTypes\Post), 'document_settin...', Array, Array)
#8 C:\laragon\www\jaramar-express-wordpress\wp-content\plugins\elementor\includes\base\controls-stack.php(1515): Elementor\Controls_Stack->add_control('document_settin...', Array)
#9 C:\laragon\www\jaramar-express-wordpress\wp-content\plugins\elementor\core\base\document.php(1747): Elementor\Controls_Stack->start_controls_section('document_settin...', Array)
#10 C:\laragon\www\jaramar-express-wordpress\wp-content\plugins\elementor\core\base\document.php(711): Elementor\Core\Base\Document->register_document_controls()
#11 C:\laragon\www\jaramar-express-wordpress\wp-content\plugins\elementor\core\document-types\page-base.php(67): Elementor\Core\Base\Document->register_controls()
#12 C:\laragon\www\jaramar-express-wordpress\wp-content\plugins\elementor\includes\base\controls-stack.php(2326): Elementor\Core\DocumentTypes\PageBase->register_controls()
#13 C:\laragon\www\jaramar-express-wordpress\wp-content\plugins\elementor\includes\base\controls-stack.php(509): Elementor\Controls_Stack->init_controls()
#14 C:\laragon\www\jaramar-express-wordpress\wp-content\plugins\elementor\includes\base\controls-stack.php(313): Elementor\Controls_Stack->get_stack()
#15 C:\laragon\www\jaramar-express-wordpress\wp-content\plugins\elementor\core\settings\page\model.php(173): Elementor\Controls_Stack->get_controls()
#16 C:\laragon\www\jaramar-express-wordpress\wp-content\plugins\elementor\includes\base\controls-stack.php(2326): Elementor\Core\Settings\Page\Model->register_controls()
#17 C:\laragon\www\jaramar-express-wordpress\wp-content\plugins\elementor\includes\base\controls-stack.php(509): Elementor\Controls_Stack->init_controls()
#18 C:\laragon\www\jaramar-express-wordpress\wp-content\plugins\elementor\includes\base\controls-stack.php(784): Elementor\Controls_Stack->get_stack()
#19 C:\laragon\www\jaramar-express-wordpress\wp-content\plugins\elementor\core\settings\manager.php(151): Elementor\Controls_Stack->get_tabs_controls()
#20 C:\laragon\www\jaramar-express-wordpress\wp-content\plugins\elementor\core\editor\loader\common\editor-common-scripts-settings.php(21): Elementor\Core\Settings\Manager::get_settings_managers_config()
#21 C:\laragon\www\jaramar-express-wordpress\wp-content\plugins\elementor\core\editor\loader\v1\editor-v1-loader.php(76): Elementor\Core\Editor\Loader\Common\Editor_Common_Scripts_Settings::get()
#22 C:\laragon\www\jaramar-express-wordpress\wp-content\plugins\elementor\core\editor\editor.php(358): Elementor\Core\Editor\Loader\V1\Editor_V1_Loader->enqueue_scripts()
#23 C:\laragon\www\jaramar-express-wordpress\wp-includes\class-wp-hook.php(310): Elementor\Core\Editor\Editor->enqueue_scripts('')
#24 C:\laragon\www\jaramar-express-wordpress\wp-includes\class-wp-hook.php(334): WP_Hook->apply_filters('', Array)
#25 C:\laragon\www\jaramar-express-wordpress\wp-includes\plugin.php(517): WP_Hook->do_action(Array)
#26 C:\laragon\www\jaramar-express-wordpress\wp-includes\script-loader.php(2225): do_action('wp_enqueue_scri...')
#27 C:\laragon\www\jaramar-express-wordpress\wp-includes\class-wp-hook.php(310): wp_enqueue_scripts('')
#28 C:\laragon\www\jaramar-express-wordpress\wp-includes\class-wp-hook.php(334): WP_Hook->apply_filters('', Array)
#29 C:\laragon\www\jaramar-express-wordpress\wp-includes\plugin.php(517): WP_Hook->do_action(Array)
#30 C:\laragon\www\jaramar-express-wordpress\wp-includes\general-template.php(3053): do_action('wp_head')
#31 C:\laragon\www\jaramar-express-wordpress\wp-content\plugins\elementor\includes\editor-templates\editor-wrapper.php(31): wp_head()
#32 C:\laragon\www\jaramar-express-wordpress\wp-content\plugins\elementor\core\editor\loader\v1\editor-v1-loader.php(110): include('C:\\laragon\\www\\...')
#33 C:\laragon\www\jaramar-express-wordpress\wp-content\plugins\elementor\core\editor\editor.php(163): Elementor\Core\Editor\Loader\V1\Editor_V1_Loader->print_root_template()
#34 C:\laragon\www\jaramar-express-wordpress\wp-includes\class-wp-hook.php(310): Elementor\Core\Editor\Editor->init('')
#35 C:\laragon\www\jaramar-express-wordpress\wp-includes\class-wp-hook.php(334): WP_Hook->apply_filters('', Array)
#36 C:\laragon\www\jaramar-express-wordpress\wp-includes\plugin.php(517): WP_Hook->do_action(Array)
#37 C:\laragon\www\jaramar-express-wordpress\wp-admin\admin.php(419): do_action('admin_action_el...')
#38 C:\laragon\www\jaramar-express-wordpress\wp-admin\post.php(12): require_once('C:\\laragon\\www\\...')
#39 {main}
  thrown in C:\laragon\www\jaramar-express-wordpress\wp-content\themes\hello-elementor\functions.php on line 259
[08-Oct-2023 19:41:12 UTC] PHP Warning:  Undefined array key "data" in C:\laragon\www\jaramar-express-wordpress\wp-content\plugins\elementor\core\common\modules\ajax\module.php on line 175
[08-Oct-2023 19:41:12 UTC] PHP Warning:  Trying to access array offset on value of type null in C:\laragon\www\jaramar-express-wordpress\wp-content\plugins\elementor\modules\history\revisions-manager.php on line 363
[08-Oct-2023 20:53:45 UTC] PHP Deprecated:  json_decode(): Passing null to parameter #1 ($json) of type string is deprecated in C:\laragon\www\jaramar-express-wordpress\wp-content\plugins\revslider\admin\includes\plugin-update.class.php on line 1163
[08-Oct-2023 20:53:45 UTC] PHP Deprecated:  json_decode(): Passing null to parameter #1 ($json) of type string is deprecated in C:\laragon\www\jaramar-express-wordpress\wp-content\plugins\revslider\admin\includes\plugin-update.class.php on line 1172
[08-Oct-2023 20:53:45 UTC] PHP Deprecated:  json_decode(): Passing null to parameter #1 ($json) of type string is deprecated in C:\laragon\www\jaramar-express-wordpress\wp-content\plugins\revslider\admin\includes\plugin-update.class.php on line 1163
[08-Oct-2023 20:53:45 UTC] PHP Deprecated:  json_decode(): Passing null to parameter #1 ($json) of type string is deprecated in C:\laragon\www\jaramar-express-wordpress\wp-content\plugins\revslider\admin\includes\plugin-update.class.php on line 1172
[08-Oct-2023 20:53:45 UTC] PHP Deprecated:  json_decode(): Passing null to parameter #1 ($json) of type string is deprecated in C:\laragon\www\jaramar-express-wordpress\wp-content\plugins\revslider\admin\includes\plugin-update.class.php on line 1163
[08-Oct-2023 20:53:45 UTC] PHP Deprecated:  json_decode(): Passing null to parameter #1 ($json) of type string is deprecated in C:\laragon\www\jaramar-express-wordpress\wp-content\plugins\revslider\admin\includes\plugin-update.class.php on line 1172
[08-Oct-2023 20:53:45 UTC] PHP Deprecated:  json_decode(): Passing null to parameter #1 ($json) of type string is deprecated in C:\laragon\www\jaramar-express-wordpress\wp-content\plugins\revslider\admin\includes\plugin-update.class.php on line 1163
[08-Oct-2023 20:53:45 UTC] PHP Deprecated:  json_decode(): Passing null to parameter #1 ($json) of type string is deprecated in C:\laragon\www\jaramar-express-wordpress\wp-content\plugins\revslider\admin\includes\plugin-update.class.php on line 1172
[08-Oct-2023 20:53:45 UTC] PHP Deprecated:  json_decode(): Passing null to parameter #1 ($json) of type string is deprecated in C:\laragon\www\jaramar-express-wordpress\wp-content\plugins\revslider\admin\includes\plugin-update.class.php on line 1163
[08-Oct-2023 20:53:45 UTC] PHP Deprecated:  json_decode(): Passing null to parameter #1 ($json) of type string is deprecated in C:\laragon\www\jaramar-express-wordpress\wp-content\plugins\revslider\admin\includes\plugin-update.class.php on line 1172
[08-Oct-2023 20:53:45 UTC] PHP Deprecated:  json_decode(): Passing null to parameter #1 ($json) of type string is deprecated in C:\laragon\www\jaramar-express-wordpress\wp-content\plugins\revslider\admin\includes\plugin-update.class.php on line 1163
[08-Oct-2023 20:53:45 UTC] PHP Deprecated:  json_decode(): Passing null to parameter #1 ($json) of type string is deprecated in C:\laragon\www\jaramar-express-wordpress\wp-content\plugins\revslider\admin\includes\plugin-update.class.php on line 1172
[08-Oct-2023 20:53:45 UTC] PHP Deprecated:  json_decode(): Passing null to parameter #1 ($json) of type string is deprecated in C:\laragon\www\jaramar-express-wordpress\wp-content\plugins\revslider\admin\includes\plugin-update.class.php on line 1163
[08-Oct-2023 20:53:45 UTC] PHP Deprecated:  json_decode(): Passing null to parameter #1 ($json) of type string is deprecated in C:\laragon\www\jaramar-express-wordpress\wp-content\plugins\revslider\admin\includes\plugin-update.class.php on line 1172
[08-Oct-2023 20:53:45 UTC] PHP Deprecated:  json_decode(): Passing null to parameter #1 ($json) of type string is deprecated in C:\laragon\www\jaramar-express-wordpress\wp-content\plugins\revslider\admin\includes\plugin-update.class.php on line 1163
[08-Oct-2023 20:53:45 UTC] PHP Deprecated:  json_decode(): Passing null to parameter #1 ($json) of type string is deprecated in C:\laragon\www\jaramar-express-wordpress\wp-content\plugins\revslider\admin\includes\plugin-update.class.php on line 1172
[08-Oct-2023 20:53:45 UTC] PHP Deprecated:  json_decode(): Passing null to parameter #1 ($json) of type string is deprecated in C:\laragon\www\jaramar-express-wordpress\wp-content\plugins\revslider\admin\includes\plugin-update.class.php on line 1163
[08-Oct-2023 20:53:45 UTC] PHP Deprecated:  json_decode(): Passing null to parameter #1 ($json) of type string is deprecated in C:\laragon\www\jaramar-express-wordpress\wp-content\plugins\revslider\admin\includes\plugin-update.class.php on line 1172
[08-Oct-2023 20:53:45 UTC] PHP Deprecated:  json_decode(): Passing null to parameter #1 ($json) of type string is deprecated in C:\laragon\www\jaramar-express-wordpress\wp-content\plugins\revslider\admin\includes\plugin-update.class.php on line 1163
[08-Oct-2023 20:53:45 UTC] PHP Deprecated:  json_decode(): Passing null to parameter #1 ($json) of type string is deprecated in C:\laragon\www\jaramar-express-wordpress\wp-content\plugins\revslider\admin\includes\plugin-update.class.php on line 1172
[08-Oct-2023 20:53:45 UTC] PHP Deprecated:  json_decode(): Passing null to parameter #1 ($json) of type string is deprecated in C:\laragon\www\jaramar-express-wordpress\wp-content\plugins\revslider\admin\includes\plugin-update.class.php on line 1163
[08-Oct-2023 20:53:45 UTC] PHP Deprecated:  json_decode(): Passing null to parameter #1 ($json) of type string is deprecated in C:\laragon\www\jaramar-express-wordpress\wp-content\plugins\revslider\admin\includes\plugin-update.class.php on line 1172
[08-Oct-2023 20:53:45 UTC] PHP Deprecated:  json_decode(): Passing null to parameter #1 ($json) of type string is deprecated in C:\laragon\www\jaramar-express-wordpress\wp-content\plugins\revslider\admin\includes\plugin-update.class.php on line 1163
[08-Oct-2023 20:53:45 UTC] PHP Deprecated:  json_decode(): Passing null to parameter #1 ($json) of type string is deprecated in C:\laragon\www\jaramar-express-wordpress\wp-content\plugins\revslider\admin\includes\plugin-update.class.php on line 1172
[08-Oct-2023 20:53:45 UTC] PHP Deprecated:  json_decode(): Passing null to parameter #1 ($json) of type string is deprecated in C:\laragon\www\jaramar-express-wordpress\wp-content\plugins\revslider\admin\includes\plugin-update.class.php on line 1163
[08-Oct-2023 20:53:45 UTC] PHP Deprecated:  json_decode(): Passing null to parameter #1 ($json) of type string is deprecated in C:\laragon\www\jaramar-express-wordpress\wp-content\plugins\revslider\admin\includes\plugin-update.class.php on line 1172
[08-Oct-2023 20:53:45 UTC] PHP Deprecated:  json_decode(): Passing null to parameter #1 ($json) of type string is deprecated in C:\laragon\www\jaramar-express-wordpress\wp-content\plugins\revslider\admin\includes\plugin-update.class.php on line 1163
[08-Oct-2023 20:53:45 UTC] PHP Deprecated:  json_decode(): Passing null to parameter #1 ($json) of type string is deprecated in C:\laragon\www\jaramar-express-wordpress\wp-content\plugins\revslider\admin\includes\plugin-update.class.php on line 1172
[08-Oct-2023 20:53:45 UTC] PHP Deprecated:  json_decode(): Passing null to parameter #1 ($json) of type string is deprecated in C:\laragon\www\jaramar-express-wordpress\wp-content\plugins\revslider\admin\includes\plugin-update.class.php on line 1163
[08-Oct-2023 20:53:45 UTC] PHP Deprecated:  json_decode(): Passing null to parameter #1 ($json) of type string is deprecated in C:\laragon\www\jaramar-express-wordpress\wp-content\plugins\revslider\admin\includes\plugin-update.class.php on line 1172
[08-Oct-2023 20:53:45 UTC] PHP Deprecated:  json_decode(): Passing null to parameter #1 ($json) of type string is deprecated in C:\laragon\www\jaramar-express-wordpress\wp-content\plugins\revslider\admin\includes\plugin-update.class.php on line 1163
[08-Oct-2023 20:53:45 UTC] PHP Deprecated:  json_decode(): Passing null to parameter #1 ($json) of type string is deprecated in C:\laragon\www\jaramar-express-wordpress\wp-content\plugins\revslider\admin\includes\plugin-update.class.php on line 1172
[08-Oct-2023 20:53:45 UTC] PHP Deprecated:  json_decode(): Passing null to parameter #1 ($json) of type string is deprecated in C:\laragon\www\jaramar-express-wordpress\wp-content\plugins\revslider\admin\includes\plugin-update.class.php on line 1163
[08-Oct-2023 20:53:45 UTC] PHP Deprecated:  json_decode(): Passing null to parameter #1 ($json) of type string is deprecated in C:\laragon\www\jaramar-express-wordpress\wp-content\plugins\revslider\admin\includes\plugin-update.class.php on line 1172
[08-Oct-2023 20:53:45 UTC] PHP Deprecated:  json_decode(): Passing null to parameter #1 ($json) of type string is deprecated in C:\laragon\www\jaramar-express-wordpress\wp-content\plugins\revslider\admin\includes\plugin-update.class.php on line 1163
[08-Oct-2023 20:53:45 UTC] PHP Deprecated:  json_decode(): Passing null to parameter #1 ($json) of type string is deprecated in C:\laragon\www\jaramar-express-wordpress\wp-content\plugins\revslider\admin\includes\plugin-update.class.php on line 1172
[08-Oct-2023 20:53:45 UTC] PHP Deprecated:  json_decode(): Passing null to parameter #1 ($json) of type string is deprecated in C:\laragon\www\jaramar-express-wordpress\wp-content\plugins\revslider\admin\includes\plugin-update.class.php on line 1163
[08-Oct-2023 20:53:45 UTC] PHP Deprecated:  json_decode(): Passing null to parameter #1 ($json) of type string is deprecated in C:\laragon\www\jaramar-express-wordpress\wp-content\plugins\revslider\admin\includes\plugin-update.class.php on line 1172
[08-Oct-2023 20:53:45 UTC] PHP Deprecated:  json_decode(): Passing null to parameter #1 ($json) of type string is deprecated in C:\laragon\www\jaramar-express-wordpress\wp-content\plugins\revslider\admin\includes\plugin-update.class.php on line 1163
[08-Oct-2023 20:53:45 UTC] PHP Deprecated:  json_decode(): Passing null to parameter #1 ($json) of type string is deprecated in C:\laragon\www\jaramar-express-wordpress\wp-content\plugins\revslider\admin\includes\plugin-update.class.php on line 1172
[08-Oct-2023 20:53:45 UTC] PHP Deprecated:  json_decode(): Passing null to parameter #1 ($json) of type string is deprecated in C:\laragon\www\jaramar-express-wordpress\wp-content\plugins\revslider\admin\includes\plugin-update.class.php on line 1163
[08-Oct-2023 20:53:45 UTC] PHP Deprecated:  json_decode(): Passing null to parameter #1 ($json) of type string is deprecated in C:\laragon\www\jaramar-express-wordpress\wp-content\plugins\revslider\admin\includes\plugin-update.class.php on line 1172
[08-Oct-2023 20:53:45 UTC] PHP Deprecated:  json_decode(): Passing null to parameter #1 ($json) of type string is deprecated in C:\laragon\www\jaramar-express-wordpress\wp-content\plugins\revslider\admin\includes\plugin-update.class.php on line 1163
[08-Oct-2023 20:53:45 UTC] PHP Deprecated:  json_decode(): Passing null to parameter #1 ($json) of type string is deprecated in C:\laragon\www\jaramar-express-wordpress\wp-content\plugins\revslider\admin\includes\plugin-update.class.php on line 1172
[08-Oct-2023 20:53:45 UTC] PHP Deprecated:  json_decode(): Passing null to parameter #1 ($json) of type string is deprecated in C:\laragon\www\jaramar-express-wordpress\wp-content\plugins\revslider\admin\includes\plugin-update.class.php on line 1163
[08-Oct-2023 20:53:45 UTC] PHP Deprecated:  json_decode(): Passing null to parameter #1 ($json) of type string is deprecated in C:\laragon\www\jaramar-express-wordpress\wp-content\plugins\revslider\admin\includes\plugin-update.class.php on line 1172
[08-Oct-2023 20:53:45 UTC] PHP Deprecated:  json_decode(): Passing null to parameter #1 ($json) of type string is deprecated in C:\laragon\www\jaramar-express-wordpress\wp-content\plugins\revslider\admin\includes\plugin-update.class.php on line 1163
[08-Oct-2023 20:53:45 UTC] PHP Deprecated:  json_decode(): Passing null to parameter #1 ($json) of type string is deprecated in C:\laragon\www\jaramar-express-wordpress\wp-content\plugins\revslider\admin\includes\plugin-update.class.php on line 1172
[08-Oct-2023 20:53:45 UTC] PHP Deprecated:  json_decode(): Passing null to parameter #1 ($json) of type string is deprecated in C:\laragon\www\jaramar-express-wordpress\wp-content\plugins\revslider\admin\includes\plugin-update.class.php on line 1163
[08-Oct-2023 20:53:45 UTC] PHP Deprecated:  json_decode(): Passing null to parameter #1 ($json) of type string is deprecated in C:\laragon\www\jaramar-express-wordpress\wp-content\plugins\revslider\admin\includes\plugin-update.class.php on line 1172
[08-Oct-2023 20:53:45 UTC] PHP Deprecated:  json_decode(): Passing null to parameter #1 ($json) of type string is deprecated in C:\laragon\www\jaramar-express-wordpress\wp-content\plugins\revslider\admin\includes\plugin-update.class.php on line 1163
[08-Oct-2023 20:53:45 UTC] PHP Deprecated:  json_decode(): Passing null to parameter #1 ($json) of type string is deprecated in C:\laragon\www\jaramar-express-wordpress\wp-content\plugins\revslider\admin\includes\plugin-update.class.php on line 1172
[08-Oct-2023 20:53:45 UTC] PHP Deprecated:  json_decode(): Passing null to parameter #1 ($json) of type string is deprecated in C:\laragon\www\jaramar-express-wordpress\wp-content\plugins\revslider\admin\includes\plugin-update.class.php on line 1163
[08-Oct-2023 20:53:45 UTC] PHP Deprecated:  json_decode(): Passing null to parameter #1 ($json) of type string is deprecated in C:\laragon\www\jaramar-express-wordpress\wp-content\plugins\revslider\admin\includes\plugin-update.class.php on line 1172
[08-Oct-2023 20:53:45 UTC] PHP Deprecated:  json_decode(): Passing null to parameter #1 ($json) of type string is deprecated in C:\laragon\www\jaramar-express-wordpress\wp-content\plugins\revslider\admin\includes\plugin-update.class.php on line 1163
[08-Oct-2023 20:53:45 UTC] PHP Deprecated:  json_decode(): Passing null to parameter #1 ($json) of type string is deprecated in C:\laragon\www\jaramar-express-wordpress\wp-content\plugins\revslider\admin\includes\plugin-update.class.php on line 1172
[08-Oct-2023 20:53:45 UTC] PHP Deprecated:  json_decode(): Passing null to parameter #1 ($json) of type string is deprecated in C:\laragon\www\jaramar-express-wordpress\wp-content\plugins\revslider\admin\includes\plugin-update.class.php on line 1163
[08-Oct-2023 20:53:45 UTC] PHP Deprecated:  json_decode(): Passing null to parameter #1 ($json) of type string is deprecated in C:\laragon\www\jaramar-express-wordpress\wp-content\plugins\revslider\admin\includes\plugin-update.class.php on line 1172
[08-Oct-2023 20:53:45 UTC] PHP Deprecated:  json_decode(): Passing null to parameter #1 ($json) of type string is deprecated in C:\laragon\www\jaramar-express-wordpress\wp-content\plugins\revslider\admin\includes\plugin-update.class.php on line 1163
[08-Oct-2023 20:53:45 UTC] PHP Deprecated:  json_decode(): Passing null to parameter #1 ($json) of type string is deprecated in C:\laragon\www\jaramar-express-wordpress\wp-content\plugins\revslider\admin\includes\plugin-update.class.php on line 1172
[08-Oct-2023 20:53:45 UTC] PHP Deprecated:  json_decode(): Passing null to parameter #1 ($json) of type string is deprecated in C:\laragon\www\jaramar-express-wordpress\wp-content\plugins\revslider\admin\includes\plugin-update.class.php on line 1163
[08-Oct-2023 20:53:45 UTC] PHP Deprecated:  json_decode(): Passing null to parameter #1 ($json) of type string is deprecated in C:\laragon\www\jaramar-express-wordpress\wp-content\plugins\revslider\admin\includes\plugin-update.class.php on line 1172
[08-Oct-2023 20:53:45 UTC] PHP Deprecated:  json_decode(): Passing null to parameter #1 ($json) of type string is deprecated in C:\laragon\www\jaramar-express-wordpress\wp-content\plugins\revslider\admin\includes\plugin-update.class.php on line 1163
[08-Oct-2023 20:53:45 UTC] PHP Deprecated:  json_decode(): Passing null to parameter #1 ($json) of type string is deprecated in C:\laragon\www\jaramar-express-wordpress\wp-content\plugins\revslider\admin\includes\plugin-update.class.php on line 1172
[08-Oct-2023 20:53:45 UTC] PHP Deprecated:  json_decode(): Passing null to parameter #1 ($json) of type string is deprecated in C:\laragon\www\jaramar-express-wordpress\wp-content\plugins\revslider\admin\includes\plugin-update.class.php on line 1163
[08-Oct-2023 20:53:45 UTC] PHP Deprecated:  json_decode(): Passing null to parameter #1 ($json) of type string is deprecated in C:\laragon\www\jaramar-express-wordpress\wp-content\plugins\revslider\admin\includes\plugin-update.class.php on line 1172
[08-Oct-2023 20:53:45 UTC] PHP Deprecated:  json_decode(): Passing null to parameter #1 ($json) of type string is deprecated in C:\laragon\www\jaramar-express-wordpress\wp-content\plugins\revslider\admin\includes\plugin-update.class.php on line 1163
[08-Oct-2023 20:53:45 UTC] PHP Deprecated:  json_decode(): Passing null to parameter #1 ($json) of type string is deprecated in C:\laragon\www\jaramar-express-wordpress\wp-content\plugins\revslider\admin\includes\plugin-update.class.php on line 1172
[08-Oct-2023 20:53:45 UTC] PHP Deprecated:  json_decode(): Passing null to parameter #1 ($json) of type string is deprecated in C:\laragon\www\jaramar-express-wordpress\wp-content\plugins\revslider\admin\includes\plugin-update.class.php on line 1163
[08-Oct-2023 20:53:45 UTC] PHP Deprecated:  json_decode(): Passing null to parameter #1 ($json) of type string is deprecated in C:\laragon\www\jaramar-express-wordpress\wp-content\plugins\revslider\admin\includes\plugin-update.class.php on line 1172
[08-Oct-2023 20:53:45 UTC] PHP Deprecated:  json_decode(): Passing null to parameter #1 ($json) of type string is deprecated in C:\laragon\www\jaramar-express-wordpress\wp-content\plugins\revslider\admin\includes\plugin-update.class.php on line 1163
[08-Oct-2023 20:53:45 UTC] PHP Deprecated:  json_decode(): Passing null to parameter #1 ($json) of type string is deprecated in C:\laragon\www\jaramar-express-wordpress\wp-content\plugins\revslider\admin\includes\plugin-update.class.php on line 1172
[08-Oct-2023 20:53:45 UTC] PHP Deprecated:  json_decode(): Passing null to parameter #1 ($json) of type string is deprecated in C:\laragon\www\jaramar-express-wordpress\wp-content\plugins\revslider\admin\includes\plugin-update.class.php on line 1163
[08-Oct-2023 20:53:45 UTC] PHP Deprecated:  json_decode(): Passing null to parameter #1 ($json) of type string is deprecated in C:\laragon\www\jaramar-express-wordpress\wp-content\plugins\revslider\admin\includes\plugin-update.class.php on line 1172
[08-Oct-2023 20:53:45 UTC] PHP Deprecated:  json_decode(): Passing null to parameter #1 ($json) of type string is deprecated in C:\laragon\www\jaramar-express-wordpress\wp-content\plugins\revslider\admin\includes\plugin-update.class.php on line 1163
[08-Oct-2023 20:53:45 UTC] PHP Deprecated:  json_decode(): Passing null to parameter #1 ($json) of type string is deprecated in C:\laragon\www\jaramar-express-wordpress\wp-content\plugins\revslider\admin\includes\plugin-update.class.php on line 1172
[08-Oct-2023 20:53:45 UTC] PHP Deprecated:  json_decode(): Passing null to parameter #1 ($json) of type string is deprecated in C:\laragon\www\jaramar-express-wordpress\wp-content\plugins\revslider\admin\includes\plugin-update.class.php on line 1163
[08-Oct-2023 20:53:45 UTC] PHP Deprecated:  json_decode(): Passing null to parameter #1 ($json) of type string is deprecated in C:\laragon\www\jaramar-express-wordpress\wp-content\plugins\revslider\admin\includes\plugin-update.class.php on line 1172
[08-Oct-2023 20:53:45 UTC] PHP Deprecated:  json_decode(): Passing null to parameter #1 ($json) of type string is deprecated in C:\laragon\www\jaramar-express-wordpress\wp-content\plugins\revslider\admin\includes\plugin-update.class.php on line 1163
[08-Oct-2023 20:53:45 UTC] PHP Deprecated:  json_decode(): Passing null to parameter #1 ($json) of type string is deprecated in C:\laragon\www\jaramar-express-wordpress\wp-content\plugins\revslider\admin\includes\plugin-update.class.php on line 1172
[08-Oct-2023 20:53:45 UTC] PHP Deprecated:  json_decode(): Passing null to parameter #1 ($json) of type string is deprecated in C:\laragon\www\jaramar-express-wordpress\wp-content\plugins\revslider\admin\includes\plugin-update.class.php on line 1163
[08-Oct-2023 20:53:45 UTC] PHP Deprecated:  json_decode(): Passing null to parameter #1 ($json) of type string is deprecated in C:\laragon\www\jaramar-express-wordpress\wp-content\plugins\revslider\admin\includes\plugin-update.class.php on line 1172
[08-Oct-2023 20:53:45 UTC] PHP Deprecated:  json_decode(): Passing null to parameter #1 ($json) of type string is deprecated in C:\laragon\www\jaramar-express-wordpress\wp-content\plugins\revslider\admin\includes\plugin-update.class.php on line 1163
[08-Oct-2023 20:53:45 UTC] PHP Deprecated:  json_decode(): Passing null to parameter #1 ($json) of type string is deprecated in C:\laragon\www\jaramar-express-wordpress\wp-content\plugins\revslider\admin\includes\plugin-update.class.php on line 1172
[08-Oct-2023 20:53:45 UTC] PHP Deprecated:  json_decode(): Passing null to parameter #1 ($json) of type string is deprecated in C:\laragon\www\jaramar-express-wordpress\wp-content\plugins\revslider\admin\includes\plugin-update.class.php on line 1163
[08-Oct-2023 20:53:45 UTC] PHP Deprecated:  json_decode(): Passing null to parameter #1 ($json) of type string is deprecated in C:\laragon\www\jaramar-express-wordpress\wp-content\plugins\revslider\admin\includes\plugin-update.class.php on line 1172
[08-Oct-2023 20:53:45 UTC] PHP Deprecated:  json_decode(): Passing null to parameter #1 ($json) of type string is deprecated in C:\laragon\www\jaramar-express-wordpress\wp-content\plugins\revslider\admin\includes\plugin-update.class.php on line 1163
[08-Oct-2023 20:53:45 UTC] PHP Deprecated:  json_decode(): Passing null to parameter #1 ($json) of type string is deprecated in C:\laragon\www\jaramar-express-wordpress\wp-content\plugins\revslider\admin\includes\plugin-update.class.php on line 1172
[08-Oct-2023 20:53:45 UTC] PHP Deprecated:  json_decode(): Passing null to parameter #1 ($json) of type string is deprecated in C:\laragon\www\jaramar-express-wordpress\wp-content\plugins\revslider\admin\includes\plugin-update.class.php on line 1163
[08-Oct-2023 20:53:45 UTC] PHP Deprecated:  json_decode(): Passing null to parameter #1 ($json) of type string is deprecated in C:\laragon\www\jaramar-express-wordpress\wp-content\plugins\revslider\admin\includes\plugin-update.class.php on line 1172
[08-Oct-2023 20:53:45 UTC] PHP Deprecated:  json_decode(): Passing null to parameter #1 ($json) of type string is deprecated in C:\laragon\www\jaramar-express-wordpress\wp-content\plugins\revslider\admin\includes\plugin-update.class.php on line 1163
[08-Oct-2023 20:53:45 UTC] PHP Deprecated:  json_decode(): Passing null to parameter #1 ($json) of type string is deprecated in C:\laragon\www\jaramar-express-wordpress\wp-content\plugins\revslider\admin\includes\plugin-update.class.php on line 1172
[08-Oct-2023 20:53:45 UTC] PHP Deprecated:  json_decode(): Passing null to parameter #1 ($json) of type string is deprecated in C:\laragon\www\jaramar-express-wordpress\wp-content\plugins\revslider\admin\includes\plugin-update.class.php on line 1163
[08-Oct-2023 20:53:45 UTC] PHP Deprecated:  json_decode(): Passing null to parameter #1 ($json) of type string is deprecated in C:\laragon\www\jaramar-express-wordpress\wp-content\plugins\revslider\admin\includes\plugin-update.class.php on line 1172
[08-Oct-2023 20:53:45 UTC] PHP Warning:  Cannot modify header information - headers already sent by (output started at C:\laragon\www\jaramar-express-wordpress\wp-content\plugins\revslider\admin\includes\plugin-update.class.php:1163) in C:\laragon\www\jaramar-express-wordpress\wp-includes\pluggable.php on line 1435
[08-Oct-2023 20:53:45 UTC] PHP Warning:  Cannot modify header information - headers already sent by (output started at C:\laragon\www\jaramar-express-wordpress\wp-content\plugins\revslider\admin\includes\plugin-update.class.php:1163) in C:\laragon\www\jaramar-express-wordpress\wp-includes\pluggable.php on line 1438
[08-Oct-2023 20:53:45 UTC] PHP Warning:  Cannot modify header information - headers already sent by (output started at C:\laragon\www\jaramar-express-wordpress\wp-content\plugins\revslider\admin\includes\plugin-update.class.php:1163) in C:\laragon\www\jaramar-express-wordpress\wp-admin\includes\misc.php on line 1431
[08-Oct-2023 20:53:45 UTC] PHP Warning:  Cannot modify header information - headers already sent by (output started at C:\laragon\www\jaramar-express-wordpress\wp-content\plugins\revslider\admin\includes\plugin-update.class.php:1163) in C:\laragon\www\jaramar-express-wordpress\wp-includes\functions.php on line 6935
[08-Oct-2023 20:53:45 UTC] PHP Warning:  Cannot modify header information - headers already sent by (output started at C:\laragon\www\jaramar-express-wordpress\wp-content\plugins\revslider\admin\includes\plugin-update.class.php:1163) in C:\laragon\www\jaramar-express-wordpress\wp-admin\admin-header.php on line 9
[08-Oct-2023 21:03:30 UTC] PHP Warning:  Trying to access array offset on value of type bool in C:\laragon\www\jaramar-express-wordpress\wp-content\plugins\soliloquy-lite\includes\admin\metaboxes.php on line 1277
[08-Oct-2023 21:03:30 UTC] PHP Deprecated:  ltrim(): Passing null to parameter #1 ($string) of type string is deprecated in C:\laragon\www\jaramar-express-wordpress\wp-includes\formatting.php on line 4477
[08-Oct-2023 21:04:05 UTC] PHP Warning:  Trying to access array offset on value of type bool in C:\laragon\www\jaramar-express-wordpress\wp-content\plugins\soliloquy-lite\includes\admin\metaboxes.php on line 1277
[08-Oct-2023 21:04:05 UTC] PHP Deprecated:  ltrim(): Passing null to parameter #1 ($string) of type string is deprecated in C:\laragon\www\jaramar-express-wordpress\wp-includes\formatting.php on line 4477
[08-Oct-2023 21:04:44 UTC] PHP Warning:  Trying to access array offset on value of type bool in C:\laragon\www\jaramar-express-wordpress\wp-content\plugins\soliloquy-lite\includes\admin\metaboxes.php on line 1277
[08-Oct-2023 21:04:44 UTC] PHP Deprecated:  ltrim(): Passing null to parameter #1 ($string) of type string is deprecated in C:\laragon\www\jaramar-express-wordpress\wp-includes\formatting.php on line 4477
[08-Oct-2023 21:04:44 UTC] PHP Warning:  Trying to access array offset on value of type bool in C:\laragon\www\jaramar-express-wordpress\wp-content\plugins\soliloquy-lite\includes\admin\metaboxes.php on line 1277
[08-Oct-2023 21:04:44 UTC] PHP Deprecated:  ltrim(): Passing null to parameter #1 ($string) of type string is deprecated in C:\laragon\www\jaramar-express-wordpress\wp-includes\formatting.php on line 4477
[08-Oct-2023 21:09:20 UTC] PHP Warning:  Trying to access array offset on value of type bool in C:\laragon\www\jaramar-express-wordpress\wp-content\plugins\soliloquy-lite\includes\admin\metaboxes.php on line 1277
[08-Oct-2023 21:09:20 UTC] PHP Deprecated:  ltrim(): Passing null to parameter #1 ($string) of type string is deprecated in C:\laragon\www\jaramar-express-wordpress\wp-includes\formatting.php on line 4477
[08-Oct-2023 21:09:20 UTC] PHP Warning:  Trying to access array offset on value of type bool in C:\laragon\www\jaramar-express-wordpress\wp-content\plugins\soliloquy-lite\includes\admin\metaboxes.php on line 1277
[08-Oct-2023 21:09:20 UTC] PHP Deprecated:  ltrim(): Passing null to parameter #1 ($string) of type string is deprecated in C:\laragon\www\jaramar-express-wordpress\wp-includes\formatting.php on line 4477
[08-Oct-2023 21:13:36 UTC] PHP Deprecated:  json_decode(): Passing null to parameter #1 ($json) of type string is deprecated in C:\laragon\www\jaramar-express-wordpress\wp-content\plugins\smart-slider-3\Nextend\SmartSlider3\Settings.php on line 17
[08-Oct-2023 21:13:36 UTC] PHP Deprecated:  preg_match(): Passing null to parameter #2 ($subject) of type string is deprecated in C:\laragon\www\jaramar-express-wordpress\wp-content\plugins\smart-slider-3\Nextend\SmartSlider3\Install\Install.php on line 21
[08-Oct-2023 21:17:34 UTC] PHP Deprecated:  Automatic conversion of false to array is deprecated in C:\laragon\www\jaramar-express-wordpress\wp-content\plugins\ml-slider\inc\metaslider.systemcheck.class.php on line 114
[08-Oct-2023 21:17:34 UTC] PHP Deprecated:  htmlentities(): Passing null to parameter #1 ($string) of type string is deprecated in C:\laragon\www\jaramar-express-wordpress\wp-content\plugins\ml-slider\admin\views\pages\parts\toolbar.php on line 34
[08-Oct-2023 21:18:18 UTC] PHP Warning:  Undefined array key "time_scale" in C:\laragon\www\jaramar-express-wordpress\wp-includes\ID3\module.audio-video.quicktime.php on line 336
[08-Oct-2023 21:18:41 UTC] PHP Deprecated:  htmlentities(): Passing null to parameter #1 ($string) of type string is deprecated in C:\laragon\www\jaramar-express-wordpress\wp-content\plugins\ml-slider\admin\views\pages\parts\toolbar.php on line 34
[08-Oct-2023 21:19:03 UTC] PHP Deprecated:  htmlentities(): Passing null to parameter #1 ($string) of type string is deprecated in C:\laragon\www\jaramar-express-wordpress\wp-content\plugins\ml-slider\admin\views\pages\parts\toolbar.php on line 34
[08-Oct-2023 21:19:41 UTC] PHP Deprecated:  htmlentities(): Passing null to parameter #1 ($string) of type string is deprecated in C:\laragon\www\jaramar-express-wordpress\wp-content\plugins\ml-slider\admin\views\pages\parts\toolbar.php on line 34
[08-Oct-2023 21:19:58 UTC] PHP Deprecated:  htmlentities(): Passing null to parameter #1 ($string) of type string is deprecated in C:\laragon\www\jaramar-express-wordpress\wp-content\plugins\ml-slider\admin\views\pages\parts\toolbar.php on line 34
[08-Oct-2023 21:20:07 UTC] PHP Warning:  Undefined array key "time_scale" in C:\laragon\www\jaramar-express-wordpress\wp-includes\ID3\module.audio-video.quicktime.php on line 336
[08-Oct-2023 23:58:52 UTC] PHP Deprecated:  preg_replace(): Passing null to parameter #3 ($subject) of type array|string is deprecated in C:\laragon\www\jaramar-express-wordpress\wp-includes\kses.php on line 1735
[08-Oct-2023 23:59:52 UTC] PHP Deprecated:  preg_replace(): Passing null to parameter #3 ($subject) of type array|string is deprecated in C:\laragon\www\jaramar-express-wordpress\wp-includes\kses.php on line 1735
[09-Oct-2023 00:03:50 UTC] PHP Deprecated:  preg_replace(): Passing null to parameter #3 ($subject) of type array|string is deprecated in C:\laragon\www\jaramar-express-wordpress\wp-includes\kses.php on line 1735
[09-Oct-2023 00:06:24 UTC] PHP Deprecated:  preg_replace(): Passing null to parameter #3 ($subject) of type array|string is deprecated in C:\laragon\www\jaramar-express-wordpress\wp-includes\kses.php on line 1735
